#! /c/Source/iverilog-install/bin/vvp
:ivl_version "12.0 (devel)" "(s20150603-1539-g2693dd32b)";
:ivl_delay_selection "TYPICAL";
:vpi_time_precision - 12;
:vpi_module "C:\iverilog\lib\ivl\system.vpi";
:vpi_module "C:\iverilog\lib\ivl\vhdl_sys.vpi";
:vpi_module "C:\iverilog\lib\ivl\vhdl_textio.vpi";
:vpi_module "C:\iverilog\lib\ivl\v2005_math.vpi";
:vpi_module "C:\iverilog\lib\ivl\va_math.vpi";
:vpi_module "C:\iverilog\lib\ivl\v2009.vpi";
S_0000014bdca4ed40 .scope package, "$unit" "$unit" 2 1;
 .timescale 0 0;
S_0000014bdca55440 .scope module, "testbench" "testbench" 3 2;
 .timescale -9 -12;
v0000014bdcb418f0_0 .net "DataAdr", 31 0, L_0000014bdcb9e0a0;  1 drivers
v0000014bdcb410d0_0 .net "MemWrite", 0 0, L_0000014bdcb3f550;  1 drivers
v0000014bdcb41cb0_0 .net "WriteData", 31 0, L_0000014bdcb9db00;  1 drivers
v0000014bdcb41d50_0 .var "clk", 0 0;
v0000014bdcb41f30_0 .var "reset", 0 0;
S_0000014bdca5cbd0 .scope module, "dut" "top" 3 11, 4 49 0, S_0000014bdca55440;
 .timescale 0 0;
    .port_info 0 /INPUT 1 "clk";
    .port_info 1 /INPUT 1 "reset";
    .port_info 2 /OUTPUT 32 "WriteDataM";
    .port_info 3 /OUTPUT 32 "DataAdrM";
    .port_info 4 /OUTPUT 1 "MemWriteM";
v0000014bdcb417b0_0 .net "DataAdrM", 31 0, L_0000014bdcb9e0a0;  alias, 1 drivers
v0000014bdcb40a90_0 .net "InstrF", 31 0, L_0000014bdcb9c920;  1 drivers
v0000014bdcb41850_0 .net "MemWriteM", 0 0, L_0000014bdcb3f550;  alias, 1 drivers
v0000014bdcb412b0_0 .net "PCF", 31 0, v0000014bdcb322c0_0;  1 drivers
v0000014bdcb41670_0 .net "ReadDataM", 31 0, L_0000014bdcb9cfb0;  1 drivers
v0000014bdcb41ad0_0 .net "WriteDataM", 31 0, L_0000014bdcb9db00;  alias, 1 drivers
v0000014bdcb40f90_0 .net "clk", 0 0, v0000014bdcb41d50_0;  1 drivers
v0000014bdcb41710_0 .net "reset", 0 0, v0000014bdcb41f30_0;  1 drivers
S_0000014bdc9a9d40 .scope module, "dmem" "dmem" 4 59, 4 430 0, S_0000014bdca5cbd0;
 .timescale 0 0;
    .port_info 0 /INPUT 1 "clk";
    .port_info 1 /INPUT 1 "we";
    .port_info 2 /INPUT 32 "a";
    .port_info 3 /INPUT 32 "wd";
    .port_info 4 /OUTPUT 32 "rd";
L_0000014bdcb9cfb0 .functor BUFZ 32, L_0000014bdcb9ec80, C4<00000000000000000000000000000000>, C4<00000000000000000000000000000000>, C4<00000000000000000000000000000000>;
v0000014bdca53e80 .array "RAM", 0 63, 31 0;
v0000014bdca53f20_0 .net *"_ivl_0", 31 0, L_0000014bdcb9ec80;  1 drivers
v0000014bdca53fc0_0 .net *"_ivl_3", 29 0, L_0000014bdcb9e5a0;  1 drivers
v0000014bdca541a0_0 .net "a", 31 0, L_0000014bdcb9e0a0;  alias, 1 drivers
v0000014bdca54e20_0 .net "clk", 0 0, v0000014bdcb41d50_0;  alias, 1 drivers
v0000014bdca53660_0 .net "rd", 31 0, L_0000014bdcb9cfb0;  alias, 1 drivers
v0000014bdca550a0_0 .net "wd", 31 0, L_0000014bdcb9db00;  alias, 1 drivers
v0000014bdca535c0_0 .net "we", 0 0, L_0000014bdcb3f550;  alias, 1 drivers
E_0000014bdca3eb30 .event posedge, v0000014bdca54e20_0;
L_0000014bdcb9ec80 .array/port v0000014bdca53e80, L_0000014bdcb9e5a0;
L_0000014bdcb9e5a0 .part L_0000014bdcb9e0a0, 2, 30;
S_0000014bdc9a9ed0 .scope module, "imem" "imem" 4 58, 4 419 0, S_0000014bdca5cbd0;
 .timescale 0 0;
    .port_info 0 /INPUT 32 "a";
    .port_info 1 /OUTPUT 32 "rd";
L_0000014bdcb9c920 .functor BUFZ 32, L_0000014bdcb9ebe0, C4<00000000000000000000000000000000>, C4<00000000000000000000000000000000>, C4<00000000000000000000000000000000>;
v0000014bdca542e0 .array "RAM", 0 63, 31 0;
v0000014bdca53ca0_0 .net *"_ivl_0", 31 0, L_0000014bdcb9ebe0;  1 drivers
v0000014bdca54100_0 .net *"_ivl_3", 29 0, L_0000014bdcb9ea00;  1 drivers
v0000014bdca53700_0 .net "a", 31 0, v0000014bdcb322c0_0;  alias, 1 drivers
v0000014bdca54380_0 .net "rd", 31 0, L_0000014bdcb9c920;  alias, 1 drivers
L_0000014bdcb9ebe0 .array/port v0000014bdca542e0, L_0000014bdcb9ea00;
L_0000014bdcb9ea00 .part v0000014bdcb322c0_0, 2, 30;
S_0000014bdc9ac2d0 .scope module, "riscv" "riscv" 4 56, 4 62 0, S_0000014bdca5cbd0;
 .timescale 0 0;
    .port_info 0 /INPUT 1 "clk";
    .port_info 1 /INPUT 1 "reset";
    .port_info 2 /OUTPUT 32 "PCF";
    .port_info 3 /INPUT 32 "InstrF";
    .port_info 4 /OUTPUT 1 "MemWriteM";
    .port_info 5 /OUTPUT 32 "ALUResultM";
    .port_info 6 /OUTPUT 32 "WriteDataM";
    .port_info 7 /INPUT 32 "ReadDataM";
v0000014bdcb3d710_0 .net "ALUControlE", 2 0, L_0000014bdcb41350;  1 drivers
v0000014bdcb3d8f0_0 .net "ALUResultM", 31 0, L_0000014bdcb9e0a0;  alias, 1 drivers
v0000014bdcb3dcb0_0 .net "ALUSrcE", 0 0, L_0000014bdcb413f0;  1 drivers
v0000014bdcb3cc70_0 .net "FlushD", 0 0, L_0000014bdca328d0;  1 drivers
v0000014bdcb3d0d0_0 .net "FlushE", 0 0, L_0000014bdca32a20;  1 drivers
v0000014bdcb3d170_0 .net "ForwardAE", 1 0, v0000014bdcb389d0_0;  1 drivers
v0000014bdcb3da30_0 .net "ForwardBE", 1 0, v0000014bdcb3c310_0;  1 drivers
v0000014bdcb3c770_0 .net "ImmSrcD", 1 0, L_0000014bdcb40e50;  1 drivers
v0000014bdcb3cd10_0 .net "InstrF", 31 0, L_0000014bdcb9c920;  alias, 1 drivers
v0000014bdcb3dad0_0 .net "MemWriteM", 0 0, L_0000014bdcb3f550;  alias, 1 drivers
v0000014bdcb3c3b0_0 .net "PCF", 31 0, v0000014bdcb322c0_0;  alias, 1 drivers
v0000014bdcb3db70_0 .net "PCSrcE", 0 0, L_0000014bdca32f60;  1 drivers
v0000014bdcb3d030_0 .net "RdE", 4 0, L_0000014bdcb40090;  1 drivers
v0000014bdcb3ddf0_0 .net "RdM", 4 0, L_0000014bdcb9f540;  1 drivers
v0000014bdcb3c450_0 .net "RdW", 4 0, L_0000014bdcb9eb40;  1 drivers
v0000014bdcb3de90_0 .net "ReadDataM", 31 0, L_0000014bdcb9cfb0;  alias, 1 drivers
v0000014bdcb3c810_0 .net "RegWriteM", 0 0, L_0000014bdcb3e970;  1 drivers
v0000014bdcb3cdb0_0 .net "RegWriteW", 0 0, L_0000014bdcb3ef10;  1 drivers
v0000014bdcb3c8b0_0 .net "ResultSrcEb0", 0 0, L_0000014bdcb41490;  1 drivers
v0000014bdcb3c950_0 .net "ResultSrcW", 1 0, L_0000014bdcb3ebf0;  1 drivers
v0000014bdcb3ce50_0 .net "Rs1D", 4 0, L_0000014bdcb3e290;  1 drivers
v0000014bdcb3cef0_0 .net "Rs1E", 4 0, L_0000014bdcb3fff0;  1 drivers
v0000014bdcb3cf90_0 .net "Rs2D", 4 0, L_0000014bdcb40770;  1 drivers
v0000014bdcb3d210_0 .net "Rs2E", 4 0, L_0000014bdcb3fb90;  1 drivers
v0000014bdcb3d2b0_0 .net "StallD", 0 0, L_0000014bdca33270;  1 drivers
v0000014bdcb3d350_0 .net "StallF", 0 0, L_0000014bdcb3fcd0;  1 drivers
v0000014bdcb38890_0 .net "WriteDataM", 31 0, L_0000014bdcb9db00;  alias, 1 drivers
v0000014bdcb41210_0 .net "ZeroE", 0 0, L_0000014bdcb3f690;  1 drivers
v0000014bdcb40c70_0 .net "clk", 0 0, v0000014bdcb41d50_0;  alias, 1 drivers
v0000014bdcb40b30_0 .net "funct3D", 2 0, L_0000014bdcb3ff50;  1 drivers
v0000014bdcb41530_0 .net "funct7b5D", 0 0, L_0000014bdcb40950;  1 drivers
v0000014bdcb41a30_0 .net "opD", 6 0, L_0000014bdcb40450;  1 drivers
v0000014bdcb41170_0 .net "reset", 0 0, v0000014bdcb41f30_0;  alias, 1 drivers
S_0000014bdc9ac460 .scope module, "c" "controller" 4 87, 4 109 0, S_0000014bdc9ac2d0;
 .timescale 0 0;
    .port_info 0 /INPUT 1 "clk";
    .port_info 1 /INPUT 1 "reset";
    .port_info 2 /INPUT 7 "opD";
    .port_info 3 /INPUT 3 "funct3D";
    .port_info 4 /INPUT 1 "funct7b5D";
    .port_info 5 /OUTPUT 2 "ImmSrcD";
    .port_info 6 /INPUT 1 "FlushE";
    .port_info 7 /INPUT 1 "ZeroE";
    .port_info 8 /OUTPUT 1 "PCSrcE";
    .port_info 9 /OUTPUT 3 "ALUControlE";
    .port_info 10 /OUTPUT 1 "ALUSrcE";
    .port_info 11 /OUTPUT 1 "ResultSrcEb0";
    .port_info 12 /OUTPUT 1 "MemWriteM";
    .port_info 13 /OUTPUT 1 "RegWriteM";
    .port_info 14 /OUTPUT 1 "RegWriteW";
    .port_info 15 /OUTPUT 2 "ResultSrcW";
L_0000014bdca32780 .functor AND 1, L_0000014bdcb41030, L_0000014bdcb3f690, C4<1>, C4<1>;
L_0000014bdca32f60 .functor OR 1, L_0000014bdca32780, L_0000014bdcb415d0, C4<0>, C4<0>;
v0000014bdca53d40_0 .net "ALUControlD", 2 0, v0000014bdca55000_0;  1 drivers
v0000014bdca2ba80_0 .net "ALUControlE", 2 0, L_0000014bdcb41350;  alias, 1 drivers
v0000014bdca2c700_0 .net "ALUOpD", 1 0, L_0000014bdcb42070;  1 drivers
v0000014bdca2d100_0 .net "ALUSrcD", 0 0, L_0000014bdcb41df0;  1 drivers
v0000014bdca2bd00_0 .net "ALUSrcE", 0 0, L_0000014bdcb413f0;  alias, 1 drivers
v0000014bdca2d7e0_0 .net "BranchD", 0 0, L_0000014bdcb41b70;  1 drivers
v0000014bdca2c2a0_0 .net "BranchE", 0 0, L_0000014bdcb41030;  1 drivers
v0000014bdca26260_0 .net "FlushE", 0 0, L_0000014bdca32a20;  alias, 1 drivers
v0000014bdca25900_0 .net "ImmSrcD", 1 0, L_0000014bdcb40e50;  alias, 1 drivers
v0000014bdca25ea0_0 .net "JumpD", 0 0, L_0000014bdcb40d10;  1 drivers
v0000014bdca26120_0 .net "JumpE", 0 0, L_0000014bdcb415d0;  1 drivers
v0000014bdca46290_0 .net "MemWriteD", 0 0, L_0000014bdcb41e90;  1 drivers
v0000014bdca46330_0 .net "MemWriteE", 0 0, L_0000014bdcb40ef0;  1 drivers
v0000014bdca46650_0 .net "MemWriteM", 0 0, L_0000014bdcb3f550;  alias, 1 drivers
v0000014bdca46830_0 .net "PCSrcE", 0 0, L_0000014bdca32f60;  alias, 1 drivers
v0000014bdcb317f0_0 .net "RegWriteD", 0 0, L_0000014bdcb41c10;  1 drivers
v0000014bdcb30fd0_0 .net "RegWriteE", 0 0, L_0000014bdcb40bd0;  1 drivers
v0000014bdcb314d0_0 .net "RegWriteM", 0 0, L_0000014bdcb3e970;  alias, 1 drivers
v0000014bdcb30ad0_0 .net "RegWriteW", 0 0, L_0000014bdcb3ef10;  alias, 1 drivers
v0000014bdcb30df0_0 .net "ResultSrcD", 1 0, L_0000014bdcb41990;  1 drivers
v0000014bdcb30c10_0 .net "ResultSrcE", 1 0, L_0000014bdcb40db0;  1 drivers
v0000014bdcb319d0_0 .net "ResultSrcEb0", 0 0, L_0000014bdcb41490;  alias, 1 drivers
v0000014bdcb31890_0 .net "ResultSrcM", 1 0, L_0000014bdcb406d0;  1 drivers
v0000014bdcb31d90_0 .net "ResultSrcW", 1 0, L_0000014bdcb3ebf0;  alias, 1 drivers
v0000014bdcb311b0_0 .net "ZeroE", 0 0, L_0000014bdcb3f690;  alias, 1 drivers
v0000014bdcb30b70_0 .net *"_ivl_12", 0 0, L_0000014bdca32780;  1 drivers
v0000014bdcb30cb0_0 .net "clk", 0 0, v0000014bdcb41d50_0;  alias, 1 drivers
v0000014bdcb31a70_0 .net "funct3D", 2 0, L_0000014bdcb3ff50;  alias, 1 drivers
v0000014bdcb302b0_0 .net "funct7b5D", 0 0, L_0000014bdcb40950;  alias, 1 drivers
v0000014bdcb30670_0 .net "opD", 6 0, L_0000014bdcb40450;  alias, 1 drivers
v0000014bdcb31570_0 .net "reset", 0 0, v0000014bdcb41f30_0;  alias, 1 drivers
L_0000014bdcb41fd0 .part L_0000014bdcb40450, 5, 1;
LS_0000014bdcb409f0_0_0 .concat [ 1 3 1 1], L_0000014bdcb41df0, v0000014bdca55000_0, L_0000014bdcb41b70, L_0000014bdcb40d10;
LS_0000014bdcb409f0_0_4 .concat [ 1 2 1 0], L_0000014bdcb41e90, L_0000014bdcb41990, L_0000014bdcb41c10;
L_0000014bdcb409f0 .concat [ 6 4 0 0], LS_0000014bdcb409f0_0_0, LS_0000014bdcb409f0_0_4;
L_0000014bdcb40bd0 .part v0000014bdca54740_0, 9, 1;
L_0000014bdcb40db0 .part v0000014bdca54740_0, 7, 2;
L_0000014bdcb40ef0 .part v0000014bdca54740_0, 6, 1;
L_0000014bdcb415d0 .part v0000014bdca54740_0, 5, 1;
L_0000014bdcb41030 .part v0000014bdca54740_0, 4, 1;
L_0000014bdcb41350 .part v0000014bdca54740_0, 1, 3;
L_0000014bdcb413f0 .part v0000014bdca54740_0, 0, 1;
L_0000014bdcb41490 .part L_0000014bdcb40db0, 0, 1;
L_0000014bdcb3ee70 .concat [ 1 2 1 0], L_0000014bdcb40ef0, L_0000014bdcb40db0, L_0000014bdcb40bd0;
L_0000014bdcb3e970 .part v0000014bdca54880_0, 3, 1;
L_0000014bdcb406d0 .part v0000014bdca54880_0, 1, 2;
L_0000014bdcb3f550 .part v0000014bdca54880_0, 0, 1;
L_0000014bdcb408b0 .concat [ 2 1 0 0], L_0000014bdcb406d0, L_0000014bdcb3e970;
L_0000014bdcb3ef10 .part v0000014bdca54ba0_0, 2, 1;
L_0000014bdcb3ebf0 .part v0000014bdca54ba0_0, 0, 2;
S_0000014bdc9db8b0 .scope module, "ad" "aludec" 4 142, 4 190 0, S_0000014bdc9ac460;
 .timescale 0 0;
    .port_info 0 /INPUT 1 "opb5";
    .port_info 1 /INPUT 3 "funct3";
    .port_info 2 /INPUT 1 "funct7b5";
    .port_info 3 /INPUT 2 "ALUOp";
    .port_info 4 /OUTPUT 3 "ALUControl";
L_0000014bdca32c50 .functor AND 1, L_0000014bdcb40950, L_0000014bdcb41fd0, C4<1>, C4<1>;
v0000014bdca55000_0 .var "ALUControl", 2 0;
v0000014bdca537a0_0 .net "ALUOp", 1 0, L_0000014bdcb42070;  alias, 1 drivers
v0000014bdca53840_0 .net "RtypeSub", 0 0, L_0000014bdca32c50;  1 drivers
v0000014bdca547e0_0 .net "funct3", 2 0, L_0000014bdcb3ff50;  alias, 1 drivers
v0000014bdca53de0_0 .net "funct7b5", 0 0, L_0000014bdcb40950;  alias, 1 drivers
v0000014bdca54a60_0 .net "opb5", 0 0, L_0000014bdcb41fd0;  1 drivers
E_0000014bdca3e270 .event anyedge, v0000014bdca537a0_0, v0000014bdca547e0_0, v0000014bdca53840_0;
S_0000014bdc9dba40 .scope module, "controlregE" "floprc" 4 145, 4 389 0, S_0000014bdc9ac460;
 .timescale 0 0;
    .port_info 0 /INPUT 1 "clk";
    .port_info 1 /INPUT 1 "reset";
    .port_info 2 /INPUT 1 "clear";
    .port_info 3 /INPUT 10 "d";
    .port_info 4 /OUTPUT 10 "q";
P_0000014bdca3e7f0 .param/l "WIDTH" 0 4 389, +C4<00000000000000000000000000001010>;
v0000014bdca54420_0 .net "clear", 0 0, L_0000014bdca32a20;  alias, 1 drivers
v0000014bdca546a0_0 .net "clk", 0 0, v0000014bdcb41d50_0;  alias, 1 drivers
v0000014bdca544c0_0 .net "d", 9 0, L_0000014bdcb409f0;  1 drivers
v0000014bdca54740_0 .var "q", 9 0;
v0000014bdca54b00_0 .net "reset", 0 0, v0000014bdcb41f30_0;  alias, 1 drivers
E_0000014bdca3ec30 .event posedge, v0000014bdca54b00_0, v0000014bdca54e20_0;
S_0000014bdc9f1d30 .scope module, "controlregM" "flopr" 4 153, 4 357 0, S_0000014bdc9ac460;
 .timescale 0 0;
    .port_info 0 /INPUT 1 "clk";
    .port_info 1 /INPUT 1 "reset";
    .port_info 2 /INPUT 4 "d";
    .port_info 3 /OUTPUT 4 "q";
P_0000014bdca3e470 .param/l "WIDTH" 0 4 357, +C4<00000000000000000000000000000100>;
v0000014bdca54560_0 .net "clk", 0 0, v0000014bdcb41d50_0;  alias, 1 drivers
v0000014bdca53980_0 .net "d", 3 0, L_0000014bdcb3ee70;  1 drivers
v0000014bdca54880_0 .var "q", 3 0;
v0000014bdca54920_0 .net "reset", 0 0, v0000014bdcb41f30_0;  alias, 1 drivers
S_0000014bdc9f1ec0 .scope module, "controlregW" "flopr" 4 158, 4 357 0, S_0000014bdc9ac460;
 .timescale 0 0;
    .port_info 0 /INPUT 1 "clk";
    .port_info 1 /INPUT 1 "reset";
    .port_info 2 /INPUT 3 "d";
    .port_info 3 /OUTPUT 3 "q";
P_0000014bdca3e4b0 .param/l "WIDTH" 0 4 357, +C4<00000000000000000000000000000011>;
v0000014bdca549c0_0 .net "clk", 0 0, v0000014bdcb41d50_0;  alias, 1 drivers
v0000014bdca538e0_0 .net "d", 2 0, L_0000014bdcb408b0;  1 drivers
v0000014bdca54ba0_0 .var "q", 2 0;
v0000014bdca53a20_0 .net "reset", 0 0, v0000014bdcb41f30_0;  alias, 1 drivers
S_0000014bdc9ed8a0 .scope module, "md" "maindec" 4 140, 4 163 0, S_0000014bdc9ac460;
 .timescale 0 0;
    .port_info 0 /INPUT 7 "op";
    .port_info 1 /OUTPUT 2 "ResultSrc";
    .port_info 2 /OUTPUT 1 "MemWrite";
    .port_info 3 /OUTPUT 1 "Branch";
    .port_info 4 /OUTPUT 1 "ALUSrc";
    .port_info 5 /OUTPUT 1 "RegWrite";
    .port_info 6 /OUTPUT 1 "Jump";
    .port_info 7 /OUTPUT 2 "ImmSrc";
    .port_info 8 /OUTPUT 2 "ALUOp";
v0000014bdca54ce0_0 .net "ALUOp", 1 0, L_0000014bdcb42070;  alias, 1 drivers
v0000014bdca54d80_0 .net "ALUSrc", 0 0, L_0000014bdcb41df0;  alias, 1 drivers
v0000014bdca54ec0_0 .net "Branch", 0 0, L_0000014bdcb41b70;  alias, 1 drivers
v0000014bdca55140_0 .net "ImmSrc", 1 0, L_0000014bdcb40e50;  alias, 1 drivers
v0000014bdca551e0_0 .net "Jump", 0 0, L_0000014bdcb40d10;  alias, 1 drivers
v0000014bdca55280_0 .net "MemWrite", 0 0, L_0000014bdcb41e90;  alias, 1 drivers
v0000014bdca55320_0 .net "RegWrite", 0 0, L_0000014bdcb41c10;  alias, 1 drivers
v0000014bdca53480_0 .net "ResultSrc", 1 0, L_0000014bdcb41990;  alias, 1 drivers
v0000014bdca53b60_0 .net *"_ivl_10", 10 0, v0000014bdca53520_0;  1 drivers
v0000014bdca53520_0 .var "controls", 10 0;
v0000014bdca53c00_0 .net "op", 6 0, L_0000014bdcb40450;  alias, 1 drivers
E_0000014bdca3e930 .event anyedge, v0000014bdca53c00_0;
L_0000014bdcb41c10 .part v0000014bdca53520_0, 10, 1;
L_0000014bdcb40e50 .part v0000014bdca53520_0, 8, 2;
L_0000014bdcb41df0 .part v0000014bdca53520_0, 7, 1;
L_0000014bdcb41e90 .part v0000014bdca53520_0, 6, 1;
L_0000014bdcb41990 .part v0000014bdca53520_0, 4, 2;
L_0000014bdcb41b70 .part v0000014bdca53520_0, 3, 1;
L_0000014bdcb42070 .part v0000014bdca53520_0, 1, 2;
L_0000014bdcb40d10 .part v0000014bdca53520_0, 0, 1;
S_0000014bdc9eda30 .scope module, "dp" "datapath" 4 98, 4 216 0, S_0000014bdc9ac2d0;
 .timescale 0 0;
    .port_info 0 /INPUT 1 "clk";
    .port_info 1 /INPUT 1 "reset";
    .port_info 2 /INPUT 1 "StallF";
    .port_info 3 /OUTPUT 32 "PCF";
    .port_info 4 /INPUT 32 "InstrF";
    .port_info 5 /OUTPUT 7 "opD";
    .port_info 6 /OUTPUT 3 "funct3D";
    .port_info 7 /OUTPUT 1 "funct7b5D";
    .port_info 8 /INPUT 1 "StallD";
    .port_info 9 /INPUT 1 "FlushD";
    .port_info 10 /INPUT 2 "ImmSrcD";
    .port_info 11 /INPUT 1 "FlushE";
    .port_info 12 /INPUT 2 "ForwardAE";
    .port_info 13 /INPUT 2 "ForwardBE";
    .port_info 14 /INPUT 1 "PCSrcE";
    .port_info 15 /INPUT 3 "ALUControlE";
    .port_info 16 /INPUT 1 "ALUSrcE";
    .port_info 17 /OUTPUT 1 "ZeroE";
    .port_info 18 /INPUT 1 "MemWriteM";
    .port_info 19 /OUTPUT 32 "WriteDataM";
    .port_info 20 /OUTPUT 32 "ALUResultM";
    .port_info 21 /INPUT 32 "ReadDataM";
    .port_info 22 /INPUT 1 "RegWriteW";
    .port_info 23 /INPUT 2 "ResultSrcW";
    .port_info 24 /OUTPUT 5 "Rs1D";
    .port_info 25 /OUTPUT 5 "Rs2D";
    .port_info 26 /OUTPUT 5 "Rs1E";
    .port_info 27 /OUTPUT 5 "Rs2E";
    .port_info 28 /OUTPUT 5 "RdE";
    .port_info 29 /OUTPUT 5 "RdM";
    .port_info 30 /OUTPUT 5 "RdW";
L_0000014bdca33200 .functor NOT 1, L_0000014bdcb3fcd0, C4<0>, C4<0>, C4<0>;
L_0000014bdca32cc0 .functor NOT 1, L_0000014bdca33270, C4<0>, C4<0>, C4<0>;
v0000014bdcb366a0_0 .net "ALUControlE", 2 0, L_0000014bdcb41350;  alias, 1 drivers
v0000014bdcb373c0_0 .net "ALUResultE", 31 0, v0000014bdcb303f0_0;  1 drivers
v0000014bdcb36d80_0 .net "ALUResultM", 31 0, L_0000014bdcb9e0a0;  alias, 1 drivers
v0000014bdcb362e0_0 .net "ALUResultW", 31 0, L_0000014bdcb9f9a0;  1 drivers
v0000014bdcb36380_0 .net "ALUSrcE", 0 0, L_0000014bdcb413f0;  alias, 1 drivers
v0000014bdcb364c0_0 .net "FlushD", 0 0, L_0000014bdca328d0;  alias, 1 drivers
v0000014bdcb36560_0 .net "FlushE", 0 0, L_0000014bdca32a20;  alias, 1 drivers
v0000014bdcb36740_0 .net "ForwardAE", 1 0, v0000014bdcb389d0_0;  alias, 1 drivers
v0000014bdcb36ba0_0 .net "ForwardBE", 1 0, v0000014bdcb3c310_0;  alias, 1 drivers
v0000014bdcb39650_0 .net "ImmExtD", 31 0, v0000014bdcb33da0_0;  1 drivers
v0000014bdcb39c90_0 .net "ImmExtE", 31 0, L_0000014bdcb40270;  1 drivers
v0000014bdcb39510_0 .net "ImmSrcD", 1 0, L_0000014bdcb40e50;  alias, 1 drivers
v0000014bdcb39970_0 .net "InstrD", 31 0, L_0000014bdcb3e1f0;  1 drivers
v0000014bdcb39b50_0 .net "InstrF", 31 0, L_0000014bdcb9c920;  alias, 1 drivers
v0000014bdcb38430_0 .net "MemWriteM", 0 0, L_0000014bdcb3f550;  alias, 1 drivers
v0000014bdcb39e70_0 .net "PCD", 31 0, L_0000014bdcb3f050;  1 drivers
v0000014bdcb3a050_0 .net "PCE", 31 0, L_0000014bdcb40310;  1 drivers
v0000014bdcb39f10_0 .net "PCF", 31 0, v0000014bdcb322c0_0;  alias, 1 drivers
v0000014bdcb39a10_0 .net "PCNextF", 31 0, L_0000014bdcb3f910;  1 drivers
v0000014bdcb38ed0_0 .net "PCPlus4D", 31 0, L_0000014bdcb3f730;  1 drivers
v0000014bdcb39470_0 .net "PCPlus4E", 31 0, L_0000014bdcb40130;  1 drivers
v0000014bdcb384d0_0 .net "PCPlus4F", 31 0, L_0000014bdcb3f870;  1 drivers
v0000014bdcb39fb0_0 .net "PCPlus4M", 31 0, L_0000014bdcb9dd80;  1 drivers
v0000014bdcb39790_0 .net "PCPlus4W", 31 0, L_0000014bdcb9da60;  1 drivers
v0000014bdcb38bb0_0 .net "PCSrcE", 0 0, L_0000014bdca32f60;  alias, 1 drivers
v0000014bdcb381b0_0 .net "PCTargetE", 31 0, L_0000014bdcb9e1e0;  1 drivers
v0000014bdcb393d0_0 .net "RD1D", 31 0, L_0000014bdcb3e510;  1 drivers
v0000014bdcb38250_0 .net "RD1E", 31 0, L_0000014bdcb401d0;  1 drivers
v0000014bdcb382f0_0 .net "RD2D", 31 0, L_0000014bdcb404f0;  1 drivers
v0000014bdcb38d90_0 .net "RD2E", 31 0, L_0000014bdcb3e5b0;  1 drivers
v0000014bdcb38b10_0 .net "RdD", 4 0, L_0000014bdcb3e3d0;  1 drivers
v0000014bdcb39830_0 .net "RdE", 4 0, L_0000014bdcb40090;  alias, 1 drivers
v0000014bdcb38cf0_0 .net "RdM", 4 0, L_0000014bdcb9f540;  alias, 1 drivers
v0000014bdcb38390_0 .net "RdW", 4 0, L_0000014bdcb9eb40;  alias, 1 drivers
v0000014bdcb38570_0 .net "ReadDataM", 31 0, L_0000014bdcb9cfb0;  alias, 1 drivers
v0000014bdcb39d30_0 .net "ReadDataW", 31 0, L_0000014bdcb9dc40;  1 drivers
v0000014bdcb39290_0 .net "RegWriteW", 0 0, L_0000014bdcb3ef10;  alias, 1 drivers
v0000014bdcb387f0_0 .net "ResultSrcW", 1 0, L_0000014bdcb3ebf0;  alias, 1 drivers
v0000014bdcb39ab0_0 .net "ResultW", 31 0, L_0000014bdcb9e280;  1 drivers
v0000014bdcb38f70_0 .net "Rs1D", 4 0, L_0000014bdcb3e290;  alias, 1 drivers
v0000014bdcb39bf0_0 .net "Rs1E", 4 0, L_0000014bdcb3fff0;  alias, 1 drivers
v0000014bdcb39dd0_0 .net "Rs2D", 4 0, L_0000014bdcb40770;  alias, 1 drivers
v0000014bdcb390b0_0 .net "Rs2E", 4 0, L_0000014bdcb3fb90;  alias, 1 drivers
v0000014bdcb38c50_0 .net "SrcAE", 31 0, L_0000014bdcb40630;  1 drivers
v0000014bdcb39330_0 .net "SrcBE", 31 0, L_0000014bdcb3e830;  1 drivers
v0000014bdcb38610_0 .net "StallD", 0 0, L_0000014bdca33270;  alias, 1 drivers
v0000014bdcb38e30_0 .net "StallF", 0 0, L_0000014bdcb3fcd0;  alias, 1 drivers
v0000014bdcb39150_0 .net "WriteDataE", 31 0, L_0000014bdcb3e790;  1 drivers
v0000014bdcb398d0_0 .net "WriteDataM", 31 0, L_0000014bdcb9db00;  alias, 1 drivers
v0000014bdcb391f0_0 .net "ZeroE", 0 0, L_0000014bdcb3f690;  alias, 1 drivers
v0000014bdcb38a70_0 .net "clk", 0 0, v0000014bdcb41d50_0;  alias, 1 drivers
v0000014bdcb386b0_0 .net "funct3D", 2 0, L_0000014bdcb3ff50;  alias, 1 drivers
v0000014bdcb39010_0 .net "funct7b5D", 0 0, L_0000014bdcb40950;  alias, 1 drivers
v0000014bdcb38750_0 .net "opD", 6 0, L_0000014bdcb40450;  alias, 1 drivers
v0000014bdcb395b0_0 .net "reset", 0 0, v0000014bdcb41f30_0;  alias, 1 drivers
L_0000014bdcb3efb0 .concat [ 32 32 32 0], L_0000014bdcb3f870, v0000014bdcb322c0_0, L_0000014bdcb9c920;
L_0000014bdcb3e1f0 .part v0000014bdcb336c0_0, 64, 32;
L_0000014bdcb3f050 .part v0000014bdcb336c0_0, 32, 32;
L_0000014bdcb3f730 .part v0000014bdcb336c0_0, 0, 32;
L_0000014bdcb40450 .part L_0000014bdcb3e1f0, 0, 7;
L_0000014bdcb3ff50 .part L_0000014bdcb3e1f0, 12, 3;
L_0000014bdcb40950 .part L_0000014bdcb3e1f0, 30, 1;
L_0000014bdcb3e290 .part L_0000014bdcb3e1f0, 15, 5;
L_0000014bdcb40770 .part L_0000014bdcb3e1f0, 20, 5;
L_0000014bdcb3e3d0 .part L_0000014bdcb3e1f0, 7, 5;
L_0000014bdcb3f0f0 .part L_0000014bdcb3e1f0, 7, 25;
LS_0000014bdcb3f9b0_0_0 .concat [ 32 32 5 5], L_0000014bdcb3f730, v0000014bdcb33da0_0, L_0000014bdcb3e3d0, L_0000014bdcb40770;
LS_0000014bdcb3f9b0_0_4 .concat [ 5 32 32 32], L_0000014bdcb3e290, L_0000014bdcb3f050, L_0000014bdcb404f0, L_0000014bdcb3e510;
L_0000014bdcb3f9b0 .concat [ 74 101 0 0], LS_0000014bdcb3f9b0_0_0, LS_0000014bdcb3f9b0_0_4;
L_0000014bdcb401d0 .part v0000014bdcb32ae0_0, 143, 32;
L_0000014bdcb3e5b0 .part v0000014bdcb32ae0_0, 111, 32;
L_0000014bdcb40310 .part v0000014bdcb32ae0_0, 79, 32;
L_0000014bdcb3fff0 .part v0000014bdcb32ae0_0, 74, 5;
L_0000014bdcb3fb90 .part v0000014bdcb32ae0_0, 69, 5;
L_0000014bdcb40090 .part v0000014bdcb32ae0_0, 64, 5;
L_0000014bdcb40270 .part v0000014bdcb32ae0_0, 32, 32;
L_0000014bdcb40130 .part v0000014bdcb32ae0_0, 0, 32;
L_0000014bdcb9dce0 .concat [ 32 5 32 32], L_0000014bdcb40130, L_0000014bdcb40090, L_0000014bdcb3e790, v0000014bdcb303f0_0;
L_0000014bdcb9e0a0 .part v0000014bdcb32e00_0, 69, 32;
L_0000014bdcb9db00 .part v0000014bdcb32e00_0, 37, 32;
L_0000014bdcb9f540 .part v0000014bdcb32e00_0, 32, 5;
L_0000014bdcb9dd80 .part v0000014bdcb32e00_0, 0, 32;
L_0000014bdcb9d880 .concat [ 32 5 32 32], L_0000014bdcb9dd80, L_0000014bdcb9f540, L_0000014bdcb9cfb0, L_0000014bdcb9e0a0;
L_0000014bdcb9f9a0 .part v0000014bdcb36600_0, 69, 32;
L_0000014bdcb9dc40 .part v0000014bdcb36600_0, 37, 32;
L_0000014bdcb9eb40 .part v0000014bdcb36600_0, 32, 5;
L_0000014bdcb9da60 .part v0000014bdcb36600_0, 0, 32;
S_0000014bdc9bf510 .scope module, "alu" "alu" 4 296, 4 442 0, S_0000014bdc9eda30;
 .timescale 0 0;
    .port_info 0 /INPUT 32 "a";
    .port_info 1 /INPUT 32 "b";
    .port_info 2 /INPUT 3 "alucontrol";
    .port_info 3 /OUTPUT 32 "result";
    .port_info 4 /OUTPUT 1 "zero";
L_0000014bdca33040 .functor NOT 32, L_0000014bdcb3e830, C4<00000000000000000000000000000000>, C4<00000000000000000000000000000000>, C4<00000000000000000000000000000000>;
L_0000014bdca33190 .functor NOT 1, L_0000014bdcb3f370, C4<0>, C4<0>, C4<0>;
L_0000014bdca332e0 .functor NOT 1, L_0000014bdcb3f410, C4<0>, C4<0>, C4<0>;
L_0000014bdc9ff6c0 .functor AND 1, L_0000014bdca33190, L_0000014bdca332e0, C4<1>, C4<1>;
L_0000014bdc9fed20 .functor NOT 1, L_0000014bdcb3f4b0, C4<0>, C4<0>, C4<0>;
L_0000014bdc9ff730 .functor AND 1, L_0000014bdc9fed20, L_0000014bdcb3f5f0, C4<1>, C4<1>;
L_0000014bdc9ff8f0 .functor OR 1, L_0000014bdc9ff6c0, L_0000014bdc9ff730, C4<0>, C4<0>;
L_0000014bdcb9c530 .functor XOR 1, L_0000014bdcb3f7d0, L_0000014bdcb9ed20, C4<0>, C4<0>;
L_0000014bdcb9ce60 .functor XOR 1, L_0000014bdcb9c530, L_0000014bdcb9eaa0, C4<0>, C4<0>;
L_0000014bdcb9cd80 .functor NOT 1, L_0000014bdcb9ce60, C4<0>, C4<0>, C4<0>;
L_0000014bdcb9cdf0 .functor XOR 1, L_0000014bdcb9d6a0, L_0000014bdcb9e640, C4<0>, C4<0>;
L_0000014bdcb9c5a0 .functor AND 1, L_0000014bdcb9cd80, L_0000014bdcb9cdf0, C4<1>, C4<1>;
L_0000014bdcb9c290 .functor AND 1, L_0000014bdcb9c5a0, L_0000014bdc9ff8f0, C4<1>, C4<1>;
v0000014bdcb31110_0 .net *"_ivl_1", 0 0, L_0000014bdcb3ea10;  1 drivers
v0000014bdcb31ed0_0 .net *"_ivl_10", 31 0, L_0000014bdcb3fc30;  1 drivers
L_0000014bdcb424c0 .functor BUFT 1, C4<0000000000000000000000000000000>, C4<0>, C4<0>, C4<0>;
v0000014bdcb31430_0 .net *"_ivl_13", 30 0, L_0000014bdcb424c0;  1 drivers
v0000014bdcb31610_0 .net *"_ivl_17", 0 0, L_0000014bdcb3f370;  1 drivers
v0000014bdcb30d50_0 .net *"_ivl_18", 0 0, L_0000014bdca33190;  1 drivers
v0000014bdcb30e90_0 .net *"_ivl_2", 31 0, L_0000014bdca33040;  1 drivers
v0000014bdcb31bb0_0 .net *"_ivl_21", 0 0, L_0000014bdcb3f410;  1 drivers
v0000014bdcb31930_0 .net *"_ivl_22", 0 0, L_0000014bdca332e0;  1 drivers
v0000014bdcb30530_0 .net *"_ivl_24", 0 0, L_0000014bdc9ff6c0;  1 drivers
v0000014bdcb30490_0 .net *"_ivl_27", 0 0, L_0000014bdcb3f4b0;  1 drivers
v0000014bdcb305d0_0 .net *"_ivl_28", 0 0, L_0000014bdc9fed20;  1 drivers
v0000014bdcb30f30_0 .net *"_ivl_31", 0 0, L_0000014bdcb3f5f0;  1 drivers
v0000014bdcb316b0_0 .net *"_ivl_32", 0 0, L_0000014bdc9ff730;  1 drivers
L_0000014bdcb42508 .functor BUFT 1, C4<00000000000000000000000000000000>, C4<0>, C4<0>, C4<0>;
v0000014bdcb30710_0 .net/2u *"_ivl_36", 31 0, L_0000014bdcb42508;  1 drivers
v0000014bdcb31b10_0 .net *"_ivl_41", 0 0, L_0000014bdcb3f7d0;  1 drivers
v0000014bdcb31070_0 .net *"_ivl_43", 0 0, L_0000014bdcb9ed20;  1 drivers
v0000014bdcb31250_0 .net *"_ivl_44", 0 0, L_0000014bdcb9c530;  1 drivers
v0000014bdcb312f0_0 .net *"_ivl_47", 0 0, L_0000014bdcb9eaa0;  1 drivers
v0000014bdcb31c50_0 .net *"_ivl_48", 0 0, L_0000014bdcb9ce60;  1 drivers
v0000014bdcb31390_0 .net *"_ivl_50", 0 0, L_0000014bdcb9cd80;  1 drivers
v0000014bdcb31e30_0 .net *"_ivl_53", 0 0, L_0000014bdcb9d6a0;  1 drivers
v0000014bdcb307b0_0 .net *"_ivl_55", 0 0, L_0000014bdcb9e640;  1 drivers
v0000014bdcb31cf0_0 .net *"_ivl_56", 0 0, L_0000014bdcb9cdf0;  1 drivers
v0000014bdcb31750_0 .net *"_ivl_58", 0 0, L_0000014bdcb9c5a0;  1 drivers
v0000014bdcb31f70_0 .net *"_ivl_6", 31 0, L_0000014bdcb3eb50;  1 drivers
v0000014bdcb32010_0 .net *"_ivl_9", 0 0, L_0000014bdcb3ed30;  1 drivers
v0000014bdcb30170_0 .net "a", 31 0, L_0000014bdcb40630;  alias, 1 drivers
v0000014bdcb30210_0 .net "alucontrol", 2 0, L_0000014bdcb41350;  alias, 1 drivers
v0000014bdcb308f0_0 .net "b", 31 0, L_0000014bdcb3e830;  alias, 1 drivers
v0000014bdcb30850_0 .net "condinvb", 31 0, L_0000014bdcb3edd0;  1 drivers
v0000014bdcb30350_0 .net "isAddSub", 0 0, L_0000014bdc9ff8f0;  1 drivers
v0000014bdcb303f0_0 .var "result", 31 0;
v0000014bdcb30990_0 .net "sum", 31 0, L_0000014bdcb3f230;  1 drivers
v0000014bdcb30a30_0 .net "v", 0 0, L_0000014bdcb9c290;  1 drivers
v0000014bdcb34020_0 .net "zero", 0 0, L_0000014bdcb3f690;  alias, 1 drivers
E_0000014bdca3e530/0 .event anyedge, v0000014bdca2ba80_0, v0000014bdcb30990_0, v0000014bdcb30170_0, v0000014bdcb308f0_0;
E_0000014bdca3e530/1 .event anyedge, v0000014bdcb30990_0, v0000014bdcb30a30_0, v0000014bdcb308f0_0;
E_0000014bdca3e530 .event/or E_0000014bdca3e530/0, E_0000014bdca3e530/1;
L_0000014bdcb3ea10 .part L_0000014bdcb41350, 0, 1;
L_0000014bdcb3edd0 .functor MUXZ 32, L_0000014bdcb3e830, L_0000014bdca33040, L_0000014bdcb3ea10, C4<>;
L_0000014bdcb3eb50 .arith/sum 32, L_0000014bdcb40630, L_0000014bdcb3edd0;
L_0000014bdcb3ed30 .part L_0000014bdcb41350, 0, 1;
L_0000014bdcb3fc30 .concat [ 1 31 0 0], L_0000014bdcb3ed30, L_0000014bdcb424c0;
L_0000014bdcb3f230 .arith/sum 32, L_0000014bdcb3eb50, L_0000014bdcb3fc30;
L_0000014bdcb3f370 .part L_0000014bdcb41350, 2, 1;
L_0000014bdcb3f410 .part L_0000014bdcb41350, 1, 1;
L_0000014bdcb3f4b0 .part L_0000014bdcb41350, 1, 1;
L_0000014bdcb3f5f0 .part L_0000014bdcb41350, 0, 1;
L_0000014bdcb3f690 .cmp/eq 32, v0000014bdcb303f0_0, L_0000014bdcb42508;
L_0000014bdcb3f7d0 .part L_0000014bdcb41350, 0, 1;
L_0000014bdcb9ed20 .part L_0000014bdcb40630, 31, 1;
L_0000014bdcb9eaa0 .part L_0000014bdcb3e830, 31, 1;
L_0000014bdcb9d6a0 .part L_0000014bdcb40630, 31, 1;
L_0000014bdcb9e640 .part L_0000014bdcb3f230, 31, 1;
S_0000014bdca5dcd0 .scope module, "branchadd" "adder" 4 297, 4 333 0, S_0000014bdc9eda30;
 .timescale 0 0;
    .port_info 0 /INPUT 32 "a";
    .port_info 1 /INPUT 32 "b";
    .port_info 2 /OUTPUT 32 "y";
v0000014bdcb33bc0_0 .net "a", 31 0, L_0000014bdcb40270;  alias, 1 drivers
v0000014bdcb33d00_0 .net "b", 31 0, L_0000014bdcb40310;  alias, 1 drivers
v0000014bdcb32360_0 .net "y", 31 0, L_0000014bdcb9e1e0;  alias, 1 drivers
L_0000014bdcb9e1e0 .arith/sum 32, L_0000014bdcb40270, L_0000014bdcb40310;
S_0000014bdca5de60 .scope module, "ext" "extend" 4 286, 4 339 0, S_0000014bdc9eda30;
 .timescale 0 0;
    .port_info 0 /INPUT 25 "instr";
    .port_info 1 /INPUT 2 "immsrc";
    .port_info 2 /OUTPUT 32 "immext";
v0000014bdcb33da0_0 .var "immext", 31 0;
v0000014bdcb32ea0_0 .net "immsrc", 1 0, L_0000014bdcb40e50;  alias, 1 drivers
v0000014bdcb33620_0 .net "instr", 31 7, L_0000014bdcb3f0f0;  1 drivers
E_0000014bdca3f670/0 .event anyedge, v0000014bdca55140_0, v0000014bdcb33620_0, v0000014bdcb33620_0, v0000014bdcb33620_0;
E_0000014bdca3f670/1 .event anyedge, v0000014bdcb33620_0, v0000014bdcb33620_0, v0000014bdcb33620_0, v0000014bdcb33620_0;
E_0000014bdca3f670/2 .event anyedge, v0000014bdcb33620_0, v0000014bdcb33620_0, v0000014bdcb33620_0;
E_0000014bdca3f670 .event/or E_0000014bdca3f670/0, E_0000014bdca3f670/1, E_0000014bdca3f670/2;
S_0000014bdca5d9b0 .scope module, "faemux" "mux3" 4 293, 4 411 0, S_0000014bdc9eda30;
 .timescale 0 0;
    .port_info 0 /INPUT 32 "d0";
    .port_info 1 /INPUT 32 "d1";
    .port_info 2 /INPUT 32 "d2";
    .port_info 3 /INPUT 2 "s";
    .port_info 4 /OUTPUT 32 "y";
P_0000014bdca3ee70 .param/l "WIDTH" 0 4 411, +C4<00000000000000000000000000100000>;
v0000014bdcb338a0_0 .net *"_ivl_1", 0 0, L_0000014bdcb40590;  1 drivers
v0000014bdcb33ee0_0 .net *"_ivl_3", 0 0, L_0000014bdcb3f190;  1 drivers
v0000014bdcb33760_0 .net *"_ivl_4", 31 0, L_0000014bdcb3eab0;  1 drivers
v0000014bdcb32fe0_0 .net "d0", 31 0, L_0000014bdcb401d0;  alias, 1 drivers
v0000014bdcb33e40_0 .net "d1", 31 0, L_0000014bdcb9e280;  alias, 1 drivers
v0000014bdcb33080_0 .net "d2", 31 0, L_0000014bdcb9e0a0;  alias, 1 drivers
v0000014bdcb32f40_0 .net "s", 1 0, v0000014bdcb389d0_0;  alias, 1 drivers
v0000014bdcb325e0_0 .net "y", 31 0, L_0000014bdcb40630;  alias, 1 drivers
L_0000014bdcb40590 .part v0000014bdcb389d0_0, 1, 1;
L_0000014bdcb3f190 .part v0000014bdcb389d0_0, 0, 1;
L_0000014bdcb3eab0 .functor MUXZ 32, L_0000014bdcb401d0, L_0000014bdcb9e280, L_0000014bdcb3f190, C4<>;
L_0000014bdcb40630 .functor MUXZ 32, L_0000014bdcb3eab0, L_0000014bdcb9e0a0, L_0000014bdcb40590, C4<>;
S_0000014bdca5dff0 .scope module, "fbemux" "mux3" 4 294, 4 411 0, S_0000014bdc9eda30;
 .timescale 0 0;
    .port_info 0 /INPUT 32 "d0";
    .port_info 1 /INPUT 32 "d1";
    .port_info 2 /INPUT 32 "d2";
    .port_info 3 /INPUT 2 "s";
    .port_info 4 /OUTPUT 32 "y";
P_0000014bdca3f430 .param/l "WIDTH" 0 4 411, +C4<00000000000000000000000000100000>;
v0000014bdcb33120_0 .net *"_ivl_1", 0 0, L_0000014bdcb3e470;  1 drivers
v0000014bdcb32400_0 .net *"_ivl_3", 0 0, L_0000014bdcb3fa50;  1 drivers
v0000014bdcb331c0_0 .net *"_ivl_4", 31 0, L_0000014bdcb3e650;  1 drivers
v0000014bdcb33a80_0 .net "d0", 31 0, L_0000014bdcb3e5b0;  alias, 1 drivers
v0000014bdcb32540_0 .net "d1", 31 0, L_0000014bdcb9e280;  alias, 1 drivers
v0000014bdcb33580_0 .net "d2", 31 0, L_0000014bdcb9e0a0;  alias, 1 drivers
v0000014bdcb32c20_0 .net "s", 1 0, v0000014bdcb3c310_0;  alias, 1 drivers
v0000014bdcb32680_0 .net "y", 31 0, L_0000014bdcb3e790;  alias, 1 drivers
L_0000014bdcb3e470 .part v0000014bdcb3c310_0, 1, 1;
L_0000014bdcb3fa50 .part v0000014bdcb3c310_0, 0, 1;
L_0000014bdcb3e650 .functor MUXZ 32, L_0000014bdcb3e5b0, L_0000014bdcb9e280, L_0000014bdcb3fa50, C4<>;
L_0000014bdcb3e790 .functor MUXZ 32, L_0000014bdcb3e650, L_0000014bdcb9e0a0, L_0000014bdcb3e470, C4<>;
S_0000014bdca5e180 .scope module, "pcadd" "adder" 4 272, 4 333 0, S_0000014bdc9eda30;
 .timescale 0 0;
    .port_info 0 /INPUT 32 "a";
    .port_info 1 /INPUT 32 "b";
    .port_info 2 /OUTPUT 32 "y";
v0000014bdcb33300_0 .net "a", 31 0, v0000014bdcb322c0_0;  alias, 1 drivers
L_0000014bdcb42238 .functor BUFT 1, C4<00000000000000000000000000000100>, C4<0>, C4<0>, C4<0>;
v0000014bdcb32b80_0 .net "b", 31 0, L_0000014bdcb42238;  1 drivers
v0000014bdcb333a0_0 .net "y", 31 0, L_0000014bdcb3f870;  alias, 1 drivers
L_0000014bdcb3f870 .arith/sum 32, v0000014bdcb322c0_0, L_0000014bdcb42238;
S_0000014bdca5d820 .scope module, "pcmux" "mux2" 4 270, 4 403 0, S_0000014bdc9eda30;
 .timescale 0 0;
    .port_info 0 /INPUT 32 "d0";
    .port_info 1 /INPUT 32 "d1";
    .port_info 2 /INPUT 1 "s";
    .port_info 3 /OUTPUT 32 "y";
P_0000014bdca3f470 .param/l "WIDTH" 0 4 403, +C4<00000000000000000000000000100000>;
v0000014bdcb339e0_0 .net "d0", 31 0, L_0000014bdcb3f870;  alias, 1 drivers
v0000014bdcb33800_0 .net "d1", 31 0, L_0000014bdcb9e1e0;  alias, 1 drivers
v0000014bdcb334e0_0 .net "s", 0 0, L_0000014bdca32f60;  alias, 1 drivers
v0000014bdcb33b20_0 .net "y", 31 0, L_0000014bdcb3f910;  alias, 1 drivers
L_0000014bdcb3f910 .functor MUXZ 32, L_0000014bdcb3f870, L_0000014bdcb9e1e0, L_0000014bdca32f60, C4<>;
S_0000014bdca5db40 .scope module, "pcreg" "flopenr" 4 271, 4 367 0, S_0000014bdc9eda30;
 .timescale 0 0;
    .port_info 0 /INPUT 1 "clk";
    .port_info 1 /INPUT 1 "reset";
    .port_info 2 /INPUT 1 "en";
    .port_info 3 /INPUT 32 "d";
    .port_info 4 /OUTPUT 32 "q";
P_0000014bdca3f4b0 .param/l "WIDTH" 0 4 367, +C4<00000000000000000000000000100000>;
v0000014bdcb32860_0 .net "clk", 0 0, v0000014bdcb41d50_0;  alias, 1 drivers
v0000014bdcb33940_0 .net "d", 31 0, L_0000014bdcb3f910;  alias, 1 drivers
v0000014bdcb33c60_0 .net "en", 0 0, L_0000014bdca33200;  1 drivers
v0000014bdcb322c0_0 .var "q", 31 0;
v0000014bdcb32180_0 .net "reset", 0 0, v0000014bdcb41f30_0;  alias, 1 drivers
S_0000014bdca5d370 .scope module, "regD" "flopenrc" 4 275, 4 377 0, S_0000014bdc9eda30;
 .timescale 0 0;
    .port_info 0 /INPUT 1 "clk";
    .port_info 1 /INPUT 1 "reset";
    .port_info 2 /INPUT 1 "clear";
    .port_info 3 /INPUT 1 "en";
    .port_info 4 /INPUT 96 "d";
    .port_info 5 /OUTPUT 96 "q";
P_0000014bdca3f1b0 .param/l "WIDTH" 0 4 377, +C4<00000000000000000000000001100000>;
v0000014bdcb33f80_0 .net "clear", 0 0, L_0000014bdca328d0;  alias, 1 drivers
v0000014bdcb32220_0 .net "clk", 0 0, v0000014bdcb41d50_0;  alias, 1 drivers
v0000014bdcb324a0_0 .net "d", 95 0, L_0000014bdcb3efb0;  1 drivers
v0000014bdcb327c0_0 .net "en", 0 0, L_0000014bdca32cc0;  1 drivers
v0000014bdcb336c0_0 .var "q", 95 0;
v0000014bdcb32720_0 .net "reset", 0 0, v0000014bdcb41f30_0;  alias, 1 drivers
S_0000014bdca5d500 .scope module, "regE" "floprc" 4 289, 4 389 0, S_0000014bdc9eda30;
 .timescale 0 0;
    .port_info 0 /INPUT 1 "clk";
    .port_info 1 /INPUT 1 "reset";
    .port_info 2 /INPUT 1 "clear";
    .port_info 3 /INPUT 175 "d";
    .port_info 4 /OUTPUT 175 "q";
P_0000014bdca3f230 .param/l "WIDTH" 0 4 389, +C4<00000000000000000000000010101111>;
v0000014bdcb32900_0 .net "clear", 0 0, L_0000014bdca32a20;  alias, 1 drivers
v0000014bdcb329a0_0 .net "clk", 0 0, v0000014bdcb41d50_0;  alias, 1 drivers
v0000014bdcb32a40_0 .net "d", 174 0, L_0000014bdcb3f9b0;  1 drivers
v0000014bdcb32ae0_0 .var "q", 174 0;
v0000014bdcb33260_0 .net "reset", 0 0, v0000014bdcb41f30_0;  alias, 1 drivers
S_0000014bdca5d690 .scope module, "regM" "flopr" 4 300, 4 357 0, S_0000014bdc9eda30;
 .timescale 0 0;
    .port_info 0 /INPUT 1 "clk";
    .port_info 1 /INPUT 1 "reset";
    .port_info 2 /INPUT 101 "d";
    .port_info 3 /OUTPUT 101 "q";
P_0000014bdca3f6f0 .param/l "WIDTH" 0 4 357, +C4<00000000000000000000000001100101>;
v0000014bdcb32cc0_0 .net "clk", 0 0, v0000014bdcb41d50_0;  alias, 1 drivers
v0000014bdcb32d60_0 .net "d", 100 0, L_0000014bdcb9dce0;  1 drivers
v0000014bdcb32e00_0 .var "q", 100 0;
v0000014bdcb33440_0 .net "reset", 0 0, v0000014bdcb41f30_0;  alias, 1 drivers
S_0000014bdcb347d0 .scope module, "regW" "flopr" 4 305, 4 357 0, S_0000014bdc9eda30;
 .timescale 0 0;
    .port_info 0 /INPUT 1 "clk";
    .port_info 1 /INPUT 1 "reset";
    .port_info 2 /INPUT 101 "d";
    .port_info 3 /OUTPUT 101 "q";
P_0000014bdca3f4f0 .param/l "WIDTH" 0 4 357, +C4<00000000000000000000000001100101>;
v0000014bdcb367e0_0 .net "clk", 0 0, v0000014bdcb41d50_0;  alias, 1 drivers
v0000014bdcb36ec0_0 .net "d", 100 0, L_0000014bdcb9d880;  1 drivers
v0000014bdcb36600_0 .var "q", 100 0;
v0000014bdcb37640_0 .net "reset", 0 0, v0000014bdcb41f30_0;  alias, 1 drivers
S_0000014bdcb35f40 .scope module, "resultmux" "mux3" 4 308, 4 411 0, S_0000014bdc9eda30;
 .timescale 0 0;
    .port_info 0 /INPUT 32 "d0";
    .port_info 1 /INPUT 32 "d1";
    .port_info 2 /INPUT 32 "d2";
    .port_info 3 /INPUT 2 "s";
    .port_info 4 /OUTPUT 32 "y";
P_0000014bdca3ef30 .param/l "WIDTH" 0 4 411, +C4<00000000000000000000000000100000>;
v0000014bdcb36f60_0 .net *"_ivl_1", 0 0, L_0000014bdcb9f400;  1 drivers
v0000014bdcb375a0_0 .net *"_ivl_3", 0 0, L_0000014bdcb9f180;  1 drivers
v0000014bdcb36e20_0 .net *"_ivl_4", 31 0, L_0000014bdcb9df60;  1 drivers
v0000014bdcb37820_0 .net "d0", 31 0, L_0000014bdcb9f9a0;  alias, 1 drivers
v0000014bdcb36880_0 .net "d1", 31 0, L_0000014bdcb9dc40;  alias, 1 drivers
v0000014bdcb37000_0 .net "d2", 31 0, L_0000014bdcb9da60;  alias, 1 drivers
v0000014bdcb370a0_0 .net "s", 1 0, L_0000014bdcb3ebf0;  alias, 1 drivers
v0000014bdcb376e0_0 .net "y", 31 0, L_0000014bdcb9e280;  alias, 1 drivers
L_0000014bdcb9f400 .part L_0000014bdcb3ebf0, 1, 1;
L_0000014bdcb9f180 .part L_0000014bdcb3ebf0, 0, 1;
L_0000014bdcb9df60 .functor MUXZ 32, L_0000014bdcb9f9a0, L_0000014bdcb9dc40, L_0000014bdcb9f180, C4<>;
L_0000014bdcb9e280 .functor MUXZ 32, L_0000014bdcb9df60, L_0000014bdcb9da60, L_0000014bdcb9f400, C4<>;
S_0000014bdcb34190 .scope module, "rf" "regfile" 4 285, 4 312 0, S_0000014bdc9eda30;
 .timescale 0 0;
    .port_info 0 /INPUT 1 "clk";
    .port_info 1 /INPUT 1 "we3";
    .port_info 2 /INPUT 5 "a1";
    .port_info 3 /INPUT 5 "a2";
    .port_info 4 /INPUT 5 "a3";
    .port_info 5 /INPUT 32 "wd3";
    .port_info 6 /OUTPUT 32 "rd1";
    .port_info 7 /OUTPUT 32 "rd2";
v0000014bdcb361a0_0 .net *"_ivl_0", 31 0, L_0000014bdcb3f2d0;  1 drivers
v0000014bdcb37780_0 .net *"_ivl_10", 6 0, L_0000014bdcb40810;  1 drivers
L_0000014bdcb42310 .functor BUFT 1, C4<00>, C4<0>, C4<0>, C4<0>;
v0000014bdcb36c40_0 .net *"_ivl_13", 1 0, L_0000014bdcb42310;  1 drivers
L_0000014bdcb42358 .functor BUFT 1, C4<00000000000000000000000000000000>, C4<0>, C4<0>, C4<0>;
v0000014bdcb36240_0 .net/2u *"_ivl_14", 31 0, L_0000014bdcb42358;  1 drivers
v0000014bdcb36ce0_0 .net *"_ivl_18", 31 0, L_0000014bdcb3faf0;  1 drivers
L_0000014bdcb423a0 .functor BUFT 1, C4<000000000000000000000000000>, C4<0>, C4<0>, C4<0>;
v0000014bdcb37460_0 .net *"_ivl_21", 26 0, L_0000014bdcb423a0;  1 drivers
L_0000014bdcb423e8 .functor BUFT 1, C4<00000000000000000000000000000000>, C4<0>, C4<0>, C4<0>;
v0000014bdcb378c0_0 .net/2u *"_ivl_22", 31 0, L_0000014bdcb423e8;  1 drivers
v0000014bdcb36a60_0 .net *"_ivl_24", 0 0, L_0000014bdcb3e8d0;  1 drivers
v0000014bdcb37140_0 .net *"_ivl_26", 31 0, L_0000014bdcb3feb0;  1 drivers
v0000014bdcb37960_0 .net *"_ivl_28", 6 0, L_0000014bdcb3e330;  1 drivers
L_0000014bdcb42280 .functor BUFT 1, C4<000000000000000000000000000>, C4<0>, C4<0>, C4<0>;
v0000014bdcb37a00_0 .net *"_ivl_3", 26 0, L_0000014bdcb42280;  1 drivers
L_0000014bdcb42430 .functor BUFT 1, C4<00>, C4<0>, C4<0>, C4<0>;
v0000014bdcb37fa0_0 .net *"_ivl_31", 1 0, L_0000014bdcb42430;  1 drivers
L_0000014bdcb42478 .functor BUFT 1, C4<00000000000000000000000000000000>, C4<0>, C4<0>, C4<0>;
v0000014bdcb371e0_0 .net/2u *"_ivl_32", 31 0, L_0000014bdcb42478;  1 drivers
L_0000014bdcb422c8 .functor BUFT 1, C4<00000000000000000000000000000000>, C4<0>, C4<0>, C4<0>;
v0000014bdcb37aa0_0 .net/2u *"_ivl_4", 31 0, L_0000014bdcb422c8;  1 drivers
v0000014bdcb37be0_0 .net *"_ivl_6", 0 0, L_0000014bdcb3ec90;  1 drivers
v0000014bdcb37b40_0 .net *"_ivl_8", 31 0, L_0000014bdcb3e6f0;  1 drivers
v0000014bdcb37500_0 .net "a1", 4 0, L_0000014bdcb3e290;  alias, 1 drivers
v0000014bdcb37c80_0 .net "a2", 4 0, L_0000014bdcb40770;  alias, 1 drivers
v0000014bdcb37f00_0 .net "a3", 4 0, L_0000014bdcb9eb40;  alias, 1 drivers
v0000014bdcb37320_0 .net "clk", 0 0, v0000014bdcb41d50_0;  alias, 1 drivers
v0000014bdcb369c0_0 .net "rd1", 31 0, L_0000014bdcb3e510;  alias, 1 drivers
v0000014bdcb36420_0 .net "rd2", 31 0, L_0000014bdcb404f0;  alias, 1 drivers
v0000014bdcb37d20 .array "rf", 0 31, 31 0;
v0000014bdcb36b00_0 .net "wd3", 31 0, L_0000014bdcb9e280;  alias, 1 drivers
v0000014bdcb37dc0_0 .net "we3", 0 0, L_0000014bdcb3ef10;  alias, 1 drivers
E_0000014bdca3fb70 .event negedge, v0000014bdca54e20_0;
L_0000014bdcb3f2d0 .concat [ 5 27 0 0], L_0000014bdcb3e290, L_0000014bdcb42280;
L_0000014bdcb3ec90 .cmp/ne 32, L_0000014bdcb3f2d0, L_0000014bdcb422c8;
L_0000014bdcb3e6f0 .array/port v0000014bdcb37d20, L_0000014bdcb40810;
L_0000014bdcb40810 .concat [ 5 2 0 0], L_0000014bdcb3e290, L_0000014bdcb42310;
L_0000014bdcb3e510 .functor MUXZ 32, L_0000014bdcb42358, L_0000014bdcb3e6f0, L_0000014bdcb3ec90, C4<>;
L_0000014bdcb3faf0 .concat [ 5 27 0 0], L_0000014bdcb40770, L_0000014bdcb423a0;
L_0000014bdcb3e8d0 .cmp/ne 32, L_0000014bdcb3faf0, L_0000014bdcb423e8;
L_0000014bdcb3feb0 .array/port v0000014bdcb37d20, L_0000014bdcb3e330;
L_0000014bdcb3e330 .concat [ 5 2 0 0], L_0000014bdcb40770, L_0000014bdcb42430;
L_0000014bdcb404f0 .functor MUXZ 32, L_0000014bdcb42478, L_0000014bdcb3feb0, L_0000014bdcb3e8d0, C4<>;
S_0000014bdcb35450 .scope module, "srcbmux" "mux2" 4 295, 4 403 0, S_0000014bdc9eda30;
 .timescale 0 0;
    .port_info 0 /INPUT 32 "d0";
    .port_info 1 /INPUT 32 "d1";
    .port_info 2 /INPUT 1 "s";
    .port_info 3 /OUTPUT 32 "y";
P_0000014bdca3f570 .param/l "WIDTH" 0 4 403, +C4<00000000000000000000000000100000>;
v0000014bdcb37280_0 .net "d0", 31 0, L_0000014bdcb3e790;  alias, 1 drivers
v0000014bdcb37e60_0 .net "d1", 31 0, L_0000014bdcb40270;  alias, 1 drivers
v0000014bdcb36920_0 .net "s", 0 0, L_0000014bdcb413f0;  alias, 1 drivers
v0000014bdcb38040_0 .net "y", 31 0, L_0000014bdcb3e830;  alias, 1 drivers
L_0000014bdcb3e830 .functor MUXZ 32, L_0000014bdcb3e790, L_0000014bdcb40270, L_0000014bdcb413f0, C4<>;
S_0000014bdcb34960 .scope module, "hu" "hazardunit" 4 93, 4 6 0, S_0000014bdc9ac2d0;
 .timescale 0 0;
    .port_info 0 /INPUT 1 "clk";
    .port_info 1 /INPUT 1 "reset";
    .port_info 2 /INPUT 5 "Rs1D";
    .port_info 3 /INPUT 5 "Rs2D";
    .port_info 4 /INPUT 5 "Rs1E";
    .port_info 5 /INPUT 5 "Rs2E";
    .port_info 6 /INPUT 5 "RdE";
    .port_info 7 /INPUT 5 "RdM";
    .port_info 8 /INPUT 5 "RdW";
    .port_info 9 /INPUT 1 "RegWriteM";
    .port_info 10 /INPUT 1 "RegWriteW";
    .port_info 11 /INPUT 1 "ResultSrcEb0";
    .port_info 12 /INPUT 1 "PCSrcE";
    .port_info 13 /OUTPUT 2 "ForwardAE";
    .port_info 14 /OUTPUT 2 "ForwardBE";
    .port_info 15 /OUTPUT 1 "StallF";
    .port_info 16 /OUTPUT 1 "StallD";
    .port_info 17 /OUTPUT 1 "FlushD";
    .port_info 18 /OUTPUT 1 "FlushE";
L_0000014bdca32fd0 .functor OR 1, L_0000014bdcb3fd70, L_0000014bdcb403b0, C4<0>, C4<0>;
L_0000014bdca327f0 .functor AND 1, L_0000014bdcb41490, L_0000014bdca32fd0, C4<1>, C4<1>;
L_0000014bdca33270 .functor BUFZ 1, L_0000014bdcb3fcd0, C4<0>, C4<0>, C4<0>;
L_0000014bdca328d0 .functor BUFZ 1, L_0000014bdca32f60, C4<0>, C4<0>, C4<0>;
L_0000014bdca32a20 .functor OR 1, L_0000014bdcb3fcd0, L_0000014bdca32f60, C4<0>, C4<0>;
v0000014bdcb396f0_0 .net "FlushD", 0 0, L_0000014bdca328d0;  alias, 1 drivers
v0000014bdcb38930_0 .net "FlushE", 0 0, L_0000014bdca32a20;  alias, 1 drivers
v0000014bdcb389d0_0 .var "ForwardAE", 1 0;
v0000014bdcb3c310_0 .var "ForwardBE", 1 0;
v0000014bdcb3c590_0 .net "PCSrcE", 0 0, L_0000014bdca32f60;  alias, 1 drivers
v0000014bdcb3d3f0_0 .net "RdE", 4 0, L_0000014bdcb40090;  alias, 1 drivers
v0000014bdcb3c9f0_0 .net "RdM", 4 0, L_0000014bdcb9f540;  alias, 1 drivers
v0000014bdcb3ca90_0 .net "RdW", 4 0, L_0000014bdcb9eb40;  alias, 1 drivers
v0000014bdcb3d7b0_0 .net "RegWriteM", 0 0, L_0000014bdcb3e970;  alias, 1 drivers
v0000014bdcb3dd50_0 .net "RegWriteW", 0 0, L_0000014bdcb3ef10;  alias, 1 drivers
v0000014bdcb3cb30_0 .net "ResultSrcEb0", 0 0, L_0000014bdcb41490;  alias, 1 drivers
v0000014bdcb3d5d0_0 .net "Rs1D", 4 0, L_0000014bdcb3e290;  alias, 1 drivers
v0000014bdcb3c270_0 .net "Rs1E", 4 0, L_0000014bdcb3fff0;  alias, 1 drivers
v0000014bdcb3df30_0 .net "Rs2D", 4 0, L_0000014bdcb40770;  alias, 1 drivers
v0000014bdcb3dfd0_0 .net "Rs2E", 4 0, L_0000014bdcb3fb90;  alias, 1 drivers
v0000014bdcb3c4f0_0 .net "StallD", 0 0, L_0000014bdca33270;  alias, 1 drivers
v0000014bdcb3d850_0 .net "StallF", 0 0, L_0000014bdcb3fcd0;  alias, 1 drivers
v0000014bdcb3d530_0 .net *"_ivl_0", 0 0, L_0000014bdcb3fd70;  1 drivers
L_0000014bdcb421f0 .functor BUFT 1, C4<00>, C4<0>, C4<0>, C4<0>;
v0000014bdcb3cbd0_0 .net/2s *"_ivl_10", 1 0, L_0000014bdcb421f0;  1 drivers
v0000014bdcb3c630_0 .net *"_ivl_12", 1 0, L_0000014bdcb3fe10;  1 drivers
v0000014bdcb3d490_0 .net *"_ivl_2", 0 0, L_0000014bdcb403b0;  1 drivers
v0000014bdcb3dc10_0 .net *"_ivl_4", 0 0, L_0000014bdca32fd0;  1 drivers
v0000014bdcb3d990_0 .net *"_ivl_6", 0 0, L_0000014bdca327f0;  1 drivers
L_0000014bdcb421a8 .functor BUFT 1, C4<01>, C4<0>, C4<0>, C4<0>;
v0000014bdcb3c6d0_0 .net/2s *"_ivl_8", 1 0, L_0000014bdcb421a8;  1 drivers
v0000014bdcb3e070_0 .net "clk", 0 0, v0000014bdcb41d50_0;  alias, 1 drivers
v0000014bdcb3c1d0_0 .net "reset", 0 0, v0000014bdcb41f30_0;  alias, 1 drivers
E_0000014bdca3f730/0 .event anyedge, v0000014bdcb314d0_0, v0000014bdcb38cf0_0, v0000014bdcb390b0_0, v0000014bdcb30ad0_0;
E_0000014bdca3f730/1 .event anyedge, v0000014bdcb37f00_0;
E_0000014bdca3f730 .event/or E_0000014bdca3f730/0, E_0000014bdca3f730/1;
E_0000014bdca3f970/0 .event anyedge, v0000014bdcb314d0_0, v0000014bdcb38cf0_0, v0000014bdcb39bf0_0, v0000014bdcb30ad0_0;
E_0000014bdca3f970/1 .event anyedge, v0000014bdcb37f00_0;
E_0000014bdca3f970 .event/or E_0000014bdca3f970/0, E_0000014bdca3f970/1;
L_0000014bdcb3fd70 .cmp/eq 5, L_0000014bdcb40090, L_0000014bdcb3e290;
L_0000014bdcb403b0 .cmp/eq 5, L_0000014bdcb40090, L_0000014bdcb40770;
L_0000014bdcb3fe10 .functor MUXZ 2, L_0000014bdcb421f0, L_0000014bdcb421a8, L_0000014bdca327f0, C4<>;
L_0000014bdcb3fcd0 .part L_0000014bdcb3fe10, 0, 1;
    .scope S_0000014bdc9ed8a0;
T_0 ;
Ewait_0 .event/or E_0000014bdca3e930, E_0x0;
    %wait Ewait_0;
    %load/vec4 v0000014bdca53c00_0;
    %dup/vec4;
    %pushi/vec4 3, 0, 7;
    %cmp/u;
    %jmp/1 T_0.0, 6;
    %dup/vec4;
    %pushi/vec4 35, 0, 7;
    %cmp/u;
    %jmp/1 T_0.1, 6;
    %dup/vec4;
    %pushi/vec4 51, 0, 7;
    %cmp/u;
    %jmp/1 T_0.2, 6;
    %dup/vec4;
    %pushi/vec4 99, 0, 7;
    %cmp/u;
    %jmp/1 T_0.3, 6;
    %dup/vec4;
    %pushi/vec4 19, 0, 7;
    %cmp/u;
    %jmp/1 T_0.4, 6;
    %dup/vec4;
    %pushi/vec4 111, 0, 7;
    %cmp/u;
    %jmp/1 T_0.5, 6;
    %dup/vec4;
    %pushi/vec4 0, 0, 7;
    %cmp/u;
    %jmp/1 T_0.6, 6;
    %pushi/vec4 2047, 2047, 11;
    %store/vec4 v0000014bdca53520_0, 0, 11;
    %jmp T_0.8;
T_0.0 ;
    %pushi/vec4 1168, 0, 11;
    %store/vec4 v0000014bdca53520_0, 0, 11;
    %jmp T_0.8;
T_0.1 ;
    %pushi/vec4 448, 0, 11;
    %store/vec4 v0000014bdca53520_0, 0, 11;
    %jmp T_0.8;
T_0.2 ;
    %pushi/vec4 1796, 768, 11;
    %store/vec4 v0000014bdca53520_0, 0, 11;
    %jmp T_0.8;
T_0.3 ;
    %pushi/vec4 522, 0, 11;
    %store/vec4 v0000014bdca53520_0, 0, 11;
    %jmp T_0.8;
T_0.4 ;
    %pushi/vec4 1156, 0, 11;
    %store/vec4 v0000014bdca53520_0, 0, 11;
    %jmp T_0.8;
T_0.5 ;
    %pushi/vec4 1825, 0, 11;
    %store/vec4 v0000014bdca53520_0, 0, 11;
    %jmp T_0.8;
T_0.6 ;
    %pushi/vec4 0, 0, 11;
    %store/vec4 v0000014bdca53520_0, 0, 11;
    %jmp T_0.8;
T_0.8 ;
    %pop/vec4 1;
    %jmp T_0;
    .thread T_0, $push;
    .scope S_0000014bdc9db8b0;
T_1 ;
Ewait_1 .event/or E_0000014bdca3e270, E_0x0;
    %wait Ewait_1;
    %load/vec4 v0000014bdca537a0_0;
    %dup/vec4;
    %pushi/vec4 0, 0, 2;
    %cmp/u;
    %jmp/1 T_1.0, 6;
    %dup/vec4;
    %pushi/vec4 1, 0, 2;
    %cmp/u;
    %jmp/1 T_1.1, 6;
    %load/vec4 v0000014bdca547e0_0;
    %dup/vec4;
    %pushi/vec4 0, 0, 3;
    %cmp/u;
    %jmp/1 T_1.4, 6;
    %dup/vec4;
    %pushi/vec4 2, 0, 3;
    %cmp/u;
    %jmp/1 T_1.5, 6;
    %dup/vec4;
    %pushi/vec4 6, 0, 3;
    %cmp/u;
    %jmp/1 T_1.6, 6;
    %dup/vec4;
    %pushi/vec4 7, 0, 3;
    %cmp/u;
    %jmp/1 T_1.7, 6;
    %pushi/vec4 7, 7, 3;
    %store/vec4 v0000014bdca55000_0, 0, 3;
    %jmp T_1.9;
T_1.4 ;
    %load/vec4 v0000014bdca53840_0;
    %flag_set/vec4 8;
    %jmp/0xz  T_1.10, 8;
    %pushi/vec4 1, 0, 3;
    %store/vec4 v0000014bdca55000_0, 0, 3;
    %jmp T_1.11;
T_1.10 ;
    %pushi/vec4 0, 0, 3;
    %store/vec4 v0000014bdca55000_0, 0, 3;
T_1.11 ;
    %jmp T_1.9;
T_1.5 ;
    %pushi/vec4 5, 0, 3;
    %store/vec4 v0000014bdca55000_0, 0, 3;
    %jmp T_1.9;
T_1.6 ;
    %pushi/vec4 3, 0, 3;
    %store/vec4 v0000014bdca55000_0, 0, 3;
    %jmp T_1.9;
T_1.7 ;
    %pushi/vec4 2, 0, 3;
    %store/vec4 v0000014bdca55000_0, 0, 3;
    %jmp T_1.9;
T_1.9 ;
    %pop/vec4 1;
    %jmp T_1.3;
T_1.0 ;
    %pushi/vec4 0, 0, 3;
    %store/vec4 v0000014bdca55000_0, 0, 3;
    %jmp T_1.3;
T_1.1 ;
    %pushi/vec4 1, 0, 3;
    %store/vec4 v0000014bdca55000_0, 0, 3;
    %jmp T_1.3;
T_1.3 ;
    %pop/vec4 1;
    %jmp T_1;
    .thread T_1, $push;
    .scope S_0000014bdc9dba40;
T_2 ;
    %wait E_0000014bdca3ec30;
    %load/vec4 v0000014bdca54b00_0;
    %flag_set/vec4 8;
    %jmp/0xz  T_2.0, 8;
    %pushi/vec4 0, 0, 10;
    %assign/vec4 v0000014bdca54740_0, 0;
    %jmp T_2.1;
T_2.0 ;
    %load/vec4 v0000014bdca54420_0;
    %flag_set/vec4 8;
    %jmp/0xz  T_2.2, 8;
    %pushi/vec4 0, 0, 10;
    %assign/vec4 v0000014bdca54740_0, 0;
    %jmp T_2.3;
T_2.2 ;
    %load/vec4 v0000014bdca544c0_0;
    %assign/vec4 v0000014bdca54740_0, 0;
T_2.3 ;
T_2.1 ;
    %jmp T_2;
    .thread T_2;
    .scope S_0000014bdc9f1d30;
T_3 ;
    %wait E_0000014bdca3ec30;
    %load/vec4 v0000014bdca54920_0;
    %flag_set/vec4 8;
    %jmp/0xz  T_3.0, 8;
    %pushi/vec4 0, 0, 4;
    %assign/vec4 v0000014bdca54880_0, 0;
    %jmp T_3.1;
T_3.0 ;
    %load/vec4 v0000014bdca53980_0;
    %assign/vec4 v0000014bdca54880_0, 0;
T_3.1 ;
    %jmp T_3;
    .thread T_3;
    .scope S_0000014bdc9f1ec0;
T_4 ;
    %wait E_0000014bdca3ec30;
    %load/vec4 v0000014bdca53a20_0;
    %flag_set/vec4 8;
    %jmp/0xz  T_4.0, 8;
    %pushi/vec4 0, 0, 3;
    %assign/vec4 v0000014bdca54ba0_0, 0;
    %jmp T_4.1;
T_4.0 ;
    %load/vec4 v0000014bdca538e0_0;
    %assign/vec4 v0000014bdca54ba0_0, 0;
T_4.1 ;
    %jmp T_4;
    .thread T_4;
    .scope S_0000014bdcb34960;
T_5 ;
Ewait_2 .event/or E_0000014bdca3f970, E_0x0;
    %wait Ewait_2;
    %load/vec4 v0000014bdcb3d7b0_0;
    %load/vec4 v0000014bdcb3c9f0_0;
    %pad/u 32;
    %pushi/vec4 0, 0, 32;
    %cmp/ne;
    %flag_get/vec4 4;
    %and;
    %load/vec4 v0000014bdcb3c9f0_0;
    %load/vec4 v0000014bdcb3c270_0;
    %cmp/e;
    %flag_get/vec4 4;
    %and;
    %flag_set/vec4 8;
    %jmp/0xz  T_5.0, 8;
    %pushi/vec4 2, 0, 2;
    %store/vec4 v0000014bdcb389d0_0, 0, 2;
    %jmp T_5.1;
T_5.0 ;
    %load/vec4 v0000014bdcb3dd50_0;
    %load/vec4 v0000014bdcb3ca90_0;
    %pad/u 32;
    %pushi/vec4 0, 0, 32;
    %cmp/ne;
    %flag_get/vec4 4;
    %and;
    %load/vec4 v0000014bdcb3ca90_0;
    %load/vec4 v0000014bdcb3c270_0;
    %cmp/e;
    %flag_get/vec4 4;
    %and;
    %flag_set/vec4 8;
    %jmp/0xz  T_5.2, 8;
    %pushi/vec4 1, 0, 2;
    %store/vec4 v0000014bdcb389d0_0, 0, 2;
    %jmp T_5.3;
T_5.2 ;
    %pushi/vec4 0, 0, 2;
    %store/vec4 v0000014bdcb389d0_0, 0, 2;
T_5.3 ;
T_5.1 ;
    %jmp T_5;
    .thread T_5, $push;
    .scope S_0000014bdcb34960;
T_6 ;
Ewait_3 .event/or E_0000014bdca3f730, E_0x0;
    %wait Ewait_3;
    %load/vec4 v0000014bdcb3d7b0_0;
    %load/vec4 v0000014bdcb3c9f0_0;
    %pad/u 32;
    %pushi/vec4 0, 0, 32;
    %cmp/ne;
    %flag_get/vec4 4;
    %and;
    %load/vec4 v0000014bdcb3c9f0_0;
    %load/vec4 v0000014bdcb3dfd0_0;
    %cmp/e;
    %flag_get/vec4 4;
    %and;
    %flag_set/vec4 8;
    %jmp/0xz  T_6.0, 8;
    %pushi/vec4 2, 0, 2;
    %store/vec4 v0000014bdcb3c310_0, 0, 2;
    %jmp T_6.1;
T_6.0 ;
    %load/vec4 v0000014bdcb3dd50_0;
    %load/vec4 v0000014bdcb3ca90_0;
    %pad/u 32;
    %pushi/vec4 0, 0, 32;
    %cmp/ne;
    %flag_get/vec4 4;
    %and;
    %load/vec4 v0000014bdcb3ca90_0;
    %load/vec4 v0000014bdcb3dfd0_0;
    %cmp/e;
    %flag_get/vec4 4;
    %and;
    %flag_set/vec4 8;
    %jmp/0xz  T_6.2, 8;
    %pushi/vec4 1, 0, 2;
    %store/vec4 v0000014bdcb3c310_0, 0, 2;
    %jmp T_6.3;
T_6.2 ;
    %pushi/vec4 0, 0, 2;
    %store/vec4 v0000014bdcb3c310_0, 0, 2;
T_6.3 ;
T_6.1 ;
    %jmp T_6;
    .thread T_6, $push;
    .scope S_0000014bdca5db40;
T_7 ;
    %wait E_0000014bdca3ec30;
    %load/vec4 v0000014bdcb32180_0;
    %flag_set/vec4 8;
    %jmp/0xz  T_7.0, 8;
    %pushi/vec4 0, 0, 32;
    %assign/vec4 v0000014bdcb322c0_0, 0;
    %jmp T_7.1;
T_7.0 ;
    %load/vec4 v0000014bdcb33c60_0;
    %flag_set/vec4 8;
    %jmp/0xz  T_7.2, 8;
    %load/vec4 v0000014bdcb33940_0;
    %assign/vec4 v0000014bdcb322c0_0, 0;
T_7.2 ;
T_7.1 ;
    %jmp T_7;
    .thread T_7;
    .scope S_0000014bdca5d370;
T_8 ;
    %wait E_0000014bdca3ec30;
    %load/vec4 v0000014bdcb32720_0;
    %flag_set/vec4 8;
    %jmp/0xz  T_8.0, 8;
    %pushi/vec4 0, 0, 96;
    %assign/vec4 v0000014bdcb336c0_0, 0;
    %jmp T_8.1;
T_8.0 ;
    %load/vec4 v0000014bdcb327c0_0;
    %flag_set/vec4 8;
    %jmp/0xz  T_8.2, 8;
    %load/vec4 v0000014bdcb33f80_0;
    %flag_set/vec4 8;
    %jmp/0xz  T_8.4, 8;
    %pushi/vec4 0, 0, 96;
    %assign/vec4 v0000014bdcb336c0_0, 0;
    %jmp T_8.5;
T_8.4 ;
    %load/vec4 v0000014bdcb324a0_0;
    %assign/vec4 v0000014bdcb336c0_0, 0;
T_8.5 ;
T_8.2 ;
T_8.1 ;
    %jmp T_8;
    .thread T_8;
    .scope S_0000014bdcb34190;
T_9 ;
    %wait E_0000014bdca3fb70;
    %load/vec4 v0000014bdcb37dc0_0;
    %flag_set/vec4 8;
    %jmp/0xz  T_9.0, 8;
    %load/vec4 v0000014bdcb36b00_0;
    %load/vec4 v0000014bdcb37f00_0;
    %pad/u 7;
    %ix/vec4 3;
    %ix/load 4, 0, 0; Constant delay
    %assign/vec4/a/d v0000014bdcb37d20, 0, 4;
T_9.0 ;
    %jmp T_9;
    .thread T_9;
    .scope S_0000014bdca5de60;
T_10 ;
Ewait_4 .event/or E_0000014bdca3f670, E_0x0;
    %wait Ewait_4;
    %load/vec4 v0000014bdcb32ea0_0;
    %dup/vec4;
    %pushi/vec4 0, 0, 2;
    %cmp/u;
    %jmp/1 T_10.0, 6;
    %dup/vec4;
    %pushi/vec4 1, 0, 2;
    %cmp/u;
    %jmp/1 T_10.1, 6;
    %dup/vec4;
    %pushi/vec4 2, 0, 2;
    %cmp/u;
    %jmp/1 T_10.2, 6;
    %dup/vec4;
    %pushi/vec4 3, 0, 2;
    %cmp/u;
    %jmp/1 T_10.3, 6;
    %pushi/vec4 4294967295, 4294967295, 32;
    %store/vec4 v0000014bdcb33da0_0, 0, 32;
    %jmp T_10.5;
T_10.0 ;
    %load/vec4 v0000014bdcb33620_0;
    %parti/s 1, 24, 6;
    %replicate 20;
    %load/vec4 v0000014bdcb33620_0;
    %parti/s 12, 13, 5;
    %concat/vec4; draw_concat_vec4
    %store/vec4 v0000014bdcb33da0_0, 0, 32;
    %jmp T_10.5;
T_10.1 ;
    %load/vec4 v0000014bdcb33620_0;
    %parti/s 1, 24, 6;
    %replicate 20;
    %load/vec4 v0000014bdcb33620_0;
    %parti/s 7, 18, 6;
    %concat/vec4; draw_concat_vec4
    %load/vec4 v0000014bdcb33620_0;
    %parti/s 5, 0, 2;
    %concat/vec4; draw_concat_vec4
    %store/vec4 v0000014bdcb33da0_0, 0, 32;
    %jmp T_10.5;
T_10.2 ;
    %load/vec4 v0000014bdcb33620_0;
    %parti/s 1, 24, 6;
    %replicate 20;
    %load/vec4 v0000014bdcb33620_0;
    %parti/s 1, 0, 2;
    %concat/vec4; draw_concat_vec4
    %load/vec4 v0000014bdcb33620_0;
    %parti/s 6, 18, 6;
    %concat/vec4; draw_concat_vec4
    %load/vec4 v0000014bdcb33620_0;
    %parti/s 4, 1, 2;
    %concat/vec4; draw_concat_vec4
    %concati/vec4 0, 0, 1;
    %store/vec4 v0000014bdcb33da0_0, 0, 32;
    %jmp T_10.5;
T_10.3 ;
    %load/vec4 v0000014bdcb33620_0;
    %parti/s 1, 24, 6;
    %replicate 12;
    %load/vec4 v0000014bdcb33620_0;
    %parti/s 8, 5, 4;
    %concat/vec4; draw_concat_vec4
    %load/vec4 v0000014bdcb33620_0;
    %parti/s 1, 13, 5;
    %concat/vec4; draw_concat_vec4
    %load/vec4 v0000014bdcb33620_0;
    %parti/s 10, 14, 5;
    %concat/vec4; draw_concat_vec4
    %concati/vec4 0, 0, 1;
    %store/vec4 v0000014bdcb33da0_0, 0, 32;
    %jmp T_10.5;
T_10.5 ;
    %pop/vec4 1;
    %jmp T_10;
    .thread T_10, $push;
    .scope S_0000014bdca5d500;
T_11 ;
    %wait E_0000014bdca3ec30;
    %load/vec4 v0000014bdcb33260_0;
    %flag_set/vec4 8;
    %jmp/0xz  T_11.0, 8;
    %pushi/vec4 0, 0, 175;
    %assign/vec4 v0000014bdcb32ae0_0, 0;
    %jmp T_11.1;
T_11.0 ;
    %load/vec4 v0000014bdcb32900_0;
    %flag_set/vec4 8;
    %jmp/0xz  T_11.2, 8;
    %pushi/vec4 0, 0, 175;
    %assign/vec4 v0000014bdcb32ae0_0, 0;
    %jmp T_11.3;
T_11.2 ;
    %load/vec4 v0000014bdcb32a40_0;
    %assign/vec4 v0000014bdcb32ae0_0, 0;
T_11.3 ;
T_11.1 ;
    %jmp T_11;
    .thread T_11;
    .scope S_0000014bdc9bf510;
T_12 ;
Ewait_5 .event/or E_0000014bdca3e530, E_0x0;
    %wait Ewait_5;
    %load/vec4 v0000014bdcb30210_0;
    %dup/vec4;
    %pushi/vec4 0, 0, 3;
    %cmp/u;
    %jmp/1 T_12.0, 6;
    %dup/vec4;
    %pushi/vec4 1, 0, 3;
    %cmp/u;
    %jmp/1 T_12.1, 6;
    %dup/vec4;
    %pushi/vec4 2, 0, 3;
    %cmp/u;
    %jmp/1 T_12.2, 6;
    %dup/vec4;
    %pushi/vec4 3, 0, 3;
    %cmp/u;
    %jmp/1 T_12.3, 6;
    %dup/vec4;
    %pushi/vec4 4, 0, 3;
    %cmp/u;
    %jmp/1 T_12.4, 6;
    %dup/vec4;
    %pushi/vec4 5, 0, 3;
    %cmp/u;
    %jmp/1 T_12.5, 6;
    %dup/vec4;
    %pushi/vec4 6, 0, 3;
    %cmp/u;
    %jmp/1 T_12.6, 6;
    %dup/vec4;
    %pushi/vec4 7, 0, 3;
    %cmp/u;
    %jmp/1 T_12.7, 6;
    %pushi/vec4 4294967295, 4294967295, 32;
    %store/vec4 v0000014bdcb303f0_0, 0, 32;
    %jmp T_12.9;
T_12.0 ;
    %load/vec4 v0000014bdcb30990_0;
    %store/vec4 v0000014bdcb303f0_0, 0, 32;
    %jmp T_12.9;
T_12.1 ;
    %load/vec4 v0000014bdcb30990_0;
    %store/vec4 v0000014bdcb303f0_0, 0, 32;
    %jmp T_12.9;
T_12.2 ;
    %load/vec4 v0000014bdcb30170_0;
    %load/vec4 v0000014bdcb308f0_0;
    %and;
    %store/vec4 v0000014bdcb303f0_0, 0, 32;
    %jmp T_12.9;
T_12.3 ;
    %load/vec4 v0000014bdcb30170_0;
    %load/vec4 v0000014bdcb308f0_0;
    %or;
    %store/vec4 v0000014bdcb303f0_0, 0, 32;
    %jmp T_12.9;
T_12.4 ;
    %load/vec4 v0000014bdcb30170_0;
    %load/vec4 v0000014bdcb308f0_0;
    %xor;
    %store/vec4 v0000014bdcb303f0_0, 0, 32;
    %jmp T_12.9;
T_12.5 ;
    %load/vec4 v0000014bdcb30990_0;
    %parti/s 1, 31, 6;
    %pad/u 32;
    %load/vec4 v0000014bdcb30a30_0;
    %pad/u 32;
    %xor;
    %store/vec4 v0000014bdcb303f0_0, 0, 32;
    %jmp T_12.9;
T_12.6 ;
    %load/vec4 v0000014bdcb30170_0;
    %load/vec4 v0000014bdcb308f0_0;
    %parti/s 5, 0, 2;
    %ix/vec4 4;
    %shiftl 4;
    %store/vec4 v0000014bdcb303f0_0, 0, 32;
    %jmp T_12.9;
T_12.7 ;
    %load/vec4 v0000014bdcb30170_0;
    %load/vec4 v0000014bdcb308f0_0;
    %parti/s 5, 0, 2;
    %ix/vec4 4;
    %shiftr 4;
    %store/vec4 v0000014bdcb303f0_0, 0, 32;
    %jmp T_12.9;
T_12.9 ;
    %pop/vec4 1;
    %jmp T_12;
    .thread T_12, $push;
    .scope S_0000014bdca5d690;
T_13 ;
    %wait E_0000014bdca3ec30;
    %load/vec4 v0000014bdcb33440_0;
    %flag_set/vec4 8;
    %jmp/0xz  T_13.0, 8;
    %pushi/vec4 0, 0, 101;
    %assign/vec4 v0000014bdcb32e00_0, 0;
    %jmp T_13.1;
T_13.0 ;
    %load/vec4 v0000014bdcb32d60_0;
    %assign/vec4 v0000014bdcb32e00_0, 0;
T_13.1 ;
    %jmp T_13;
    .thread T_13;
    .scope S_0000014bdcb347d0;
T_14 ;
    %wait E_0000014bdca3ec30;
    %load/vec4 v0000014bdcb37640_0;
    %flag_set/vec4 8;
    %jmp/0xz  T_14.0, 8;
    %pushi/vec4 0, 0, 101;
    %assign/vec4 v0000014bdcb36600_0, 0;
    %jmp T_14.1;
T_14.0 ;
    %load/vec4 v0000014bdcb36ec0_0;
    %assign/vec4 v0000014bdcb36600_0, 0;
T_14.1 ;
    %jmp T_14;
    .thread T_14;
    .scope S_0000014bdc9a9ed0;
T_15 ;
    %vpi_call/w 4 425 "$readmemh", "riscvtest.txt", v0000014bdca542e0 {0 0 0};
    %end;
    .thread T_15;
    .scope S_0000014bdc9a9d40;
T_16 ;
    %wait E_0000014bdca3eb30;
    %load/vec4 v0000014bdca535c0_0;
    %flag_set/vec4 8;
    %jmp/0xz  T_16.0, 8;
    %load/vec4 v0000014bdca550a0_0;
    %load/vec4 v0000014bdca541a0_0;
    %parti/s 30, 2, 3;
    %ix/vec4 3;
    %ix/load 4, 0, 0; Constant delay
    %assign/vec4/a/d v0000014bdca53e80, 0, 4;
T_16.0 ;
    %jmp T_16;
    .thread T_16;
    .scope S_0000014bdca55440;
T_17 ;
    %pushi/vec4 1, 0, 1;
    %assign/vec4 v0000014bdcb41f30_0, 0;
    %delay 22000, 0;
    %pushi/vec4 0, 0, 1;
    %assign/vec4 v0000014bdcb41f30_0, 0;
    %end;
    .thread T_17;
    .scope S_0000014bdca55440;
T_18 ;
    %pushi/vec4 1, 0, 1;
    %assign/vec4 v0000014bdcb41d50_0, 0;
    %delay 5000, 0;
    %pushi/vec4 0, 0, 1;
    %assign/vec4 v0000014bdcb41d50_0, 0;
    %delay 5000, 0;
    %jmp T_18;
    .thread T_18;
    .scope S_0000014bdca55440;
T_19 ;
    %wait E_0000014bdca3fb70;
    %load/vec4 v0000014bdcb410d0_0;
    %flag_set/vec4 8;
    %jmp/0xz  T_19.0, 8;
    %load/vec4 v0000014bdcb418f0_0;
    %pushi/vec4 100, 0, 32;
    %cmp/e;
    %flag_get/vec4 6;
    %load/vec4 v0000014bdcb41cb0_0;
    %pushi/vec4 25, 0, 32;
    %cmp/e;
    %flag_get/vec4 6;
    %and;
    %flag_set/vec4 8;
    %jmp/0xz  T_19.2, 8;
    %vpi_call/w 3 30 "$display", "Simulation succeeded" {0 0 0};
    %vpi_call/w 3 31 "$stop" {0 0 0};
    %jmp T_19.3;
T_19.2 ;
    %load/vec4 v0000014bdcb418f0_0;
    %cmpi/ne 96, 0, 32;
    %jmp/0xz  T_19.4, 6;
    %vpi_call/w 3 33 "$display", "Simulation failed" {0 0 0};
    %vpi_call/w 3 34 "$stop" {0 0 0};
T_19.4 ;
T_19.3 ;
T_19.0 ;
    %jmp T_19;
    .thread T_19;
# The file index is used to find the file name in the following table.
:file_names 5;
    "N/A";
    "<interactive>";
    "-";
    "testbench.sv";
    "riscvp2commented.sv";
